Warning[205] C:\USERS\SHADI\ONEDRIVE\SASES\PROJECTS\2022\220501-PARKINGEP\FIRMWARE\MC1.ASM 1 : Found directive in column 1. (PROCESSOR)
Warning[205] C:\USERS\SHADI\ONEDRIVE\SASES\PROJECTS\2022\220501-PARKINGEP\FIRMWARE\MC1.ASM 2 : Found directive in column 1. (INCLUDE)
Warning[205] C:\USERS\SHADI\ONEDRIVE\SASES\PROJECTS\2022\220501-PARKINGEP\FIRMWARE\MC1.ASM 3 : Found directive in column 1. (__CONFIG)
Warning[205] C:\USERS\SHADI\ONEDRIVE\SASES\PROJECTS\2022\220501-PARKINGEP\FIRMWARE\MC1.ASM 11 : Found directive in column 1. (ORG)
Warning[205] C:\USERS\SHADI\ONEDRIVE\SASES\PROJECTS\2022\220501-PARKINGEP\FIRMWARE\MC1.ASM 14 : Found directive in column 1. (ORG)
Message[305] C:\USERS\SHADI\ONEDRIVE\SASES\PROJECTS\2022\220501-PARKINGEP\FIRMWARE\MC1.ASM 17 : Using default destination of 1 (file).
Message[302] C:\USERS\SHADI\ONEDRIVE\SASES\PROJECTS\2022\220501-PARKINGEP\FIRMWARE\MC1.ASM 35 : Register in operand not in bank 0.  Ensure that bank bits are correct.
Message[302] C:\USERS\SHADI\ONEDRIVE\SASES\PROJECTS\2022\220501-PARKINGEP\FIRMWARE\MC1.ASM 37 : Register in operand not in bank 0.  Ensure that bank bits are correct.
Message[302] C:\USERS\SHADI\ONEDRIVE\SASES\PROJECTS\2022\220501-PARKINGEP\FIRMWARE\MC1.ASM 38 : Register in operand not in bank 0.  Ensure that bank bits are correct.
Message[302] C:\USERS\SHADI\ONEDRIVE\SASES\PROJECTS\2022\220501-PARKINGEP\FIRMWARE\MC1.ASM 39 : Register in operand not in bank 0.  Ensure that bank bits are correct.
Message[302] C:\USERS\SHADI\ONEDRIVE\SASES\PROJECTS\2022\220501-PARKINGEP\FIRMWARE\MC1.ASM 41 : Register in operand not in bank 0.  Ensure that bank bits are correct.
Message[302] C:\USERS\SHADI\ONEDRIVE\SASES\PROJECTS\2022\220501-PARKINGEP\FIRMWARE\MC1.ASM 43 : Register in operand not in bank 0.  Ensure that bank bits are correct.
Message[302] C:\USERS\SHADI\ONEDRIVE\SASES\PROJECTS\2022\220501-PARKINGEP\FIRMWARE\MC1.ASM 45 : Register in operand not in bank 0.  Ensure that bank bits are correct.
Message[302] C:\USERS\SHADI\ONEDRIVE\SASES\PROJECTS\2022\220501-PARKINGEP\FIRMWARE\MC1.ASM 58 : Register in operand not in bank 0.  Ensure that bank bits are correct.
Message[302] C:\USERS\SHADI\ONEDRIVE\SASES\PROJECTS\2022\220501-PARKINGEP\FIRMWARE\MC1.ASM 59 : Register in operand not in bank 0.  Ensure that bank bits are correct.
Message[305] C:\USERS\SHADI\ONEDRIVE\SASES\PROJECTS\2022\220501-PARKINGEP\FIRMWARE\MC1.ASM 84 : Using default destination of 1 (file).
Message[305] C:\USERS\SHADI\ONEDRIVE\SASES\PROJECTS\2022\220501-PARKINGEP\FIRMWARE\MC1.ASM 93 : Using default destination of 1 (file).
Message[305] C:\USERS\SHADI\ONEDRIVE\SASES\PROJECTS\2022\220501-PARKINGEP\FIRMWARE\MC1.ASM 104 : Using default destination of 1 (file).
Message[305] C:\USERS\SHADI\ONEDRIVE\SASES\PROJECTS\2022\220501-PARKINGEP\FIRMWARE\MC1.ASM 113 : Using default destination of 1 (file).
Message[305] C:\USERS\SHADI\ONEDRIVE\SASES\PROJECTS\2022\220501-PARKINGEP\FIRMWARE\MC1.ASM 121 : Using default destination of 1 (file).
Warning[205] C:\USERS\SHADI\ONEDRIVE\SASES\PROJECTS\2022\220501-PARKINGEP\FIRMWARE\MC1.ASM 160 : Found directive in column 1. (END)
