MPASM  5.41                           MC2.ASM   5-27-2022  17:19:45         PAGE  1


LOC  OBJECT CODE     LINE SOURCE TEXT
  VALUE

Warning[205]: Found directive in column 1. (PROCESSOR)
                      00001 PROCESSOR 16F877A
Warning[205]: Found directive in column 1. (INCLUDE)
                      00002 INCLUDE "P16F877A.INC"
                      00001         LIST
                      00002 
                      00003 ;==========================================================================
                      00004 ;  MPASM PIC16F877A processor include
                      00005 ; 
                      00006 ;  (c) Copyright 1999-2011 Microchip Technology, All rights reserved
                      00007 ;==========================================================================
                      00008 
                      00555         LIST
Warning[205]: Found directive in column 1. (__CONFIG)
2007   3939           00003 __CONFIG _DEBUG_OFF&_CP_OFF&_WRT_HALF&_CPD_OFF&_LVP_OFF&_BODEN_OFF&_PWRTE_OFF&_WDT_OFF&_XT_OSC
                      00004 
  00000020            00005 COUNTER EQU     0X20
  00000021            00006 FLOORG  EQU     0X21
  00000022            00007 FLOORB  EQU     0X22
  00000023            00008 DIG1    EQU     0X23
  00000024            00009 DIG2    EQU     0X24
  00000025            00010 DIG3    EQU     0X25
  00000026            00011 DIG4    EQU     0X26
  00000027            00012 UARTP   EQU 0X27
                      00013 
  00000030            00014 DIV             EQU 30H
  00000031            00015 MOD             EQU 31H
  00000032            00016 VAL             EQU 32H
  00000033            00017 OPER    EQU 33H
  00000034            00018 VAL1    EQU 34H
                      00019 
  00000040            00020 BLINKG  EQU 40H
  00000041            00021 BLINKB  EQU 41H
  00000042            00022 BLINKV  EQU 42H
  00000043            00023 BCOUNT  EQU 43H
                      00024 
                      00025 
Warning[205]: Found directive in column 1. (ORG)
0000                  00026 ORG 0X000
0000   2812           00027         GOTO MAIN
                      00028 
                      00029 
                      00030 
                      00031 ;       BTFSS PIR1,RCIF
                      00032 ;       GOTO EXIT_INTERRUPT
                      00033 ;       MOVF RCREG,W ;RCIF FLAG CLEARED
                      00034 ;       MOVWF TXREG
                      00035 ;       MOVWF FLOORG
                      00036 ;EXIT_INTERRUPT 
                      00037 ;       RETFIE
                      00038 
Warning[205]: Found directive in column 1. (ORG)
0004                  00039 ORG 0X004
MPASM  5.41                           MC2.ASM   5-27-2022  17:19:45         PAGE  2


LOC  OBJECT CODE     LINE SOURCE TEXT
  VALUE

0004   1E8C           00040         BTFSS PIR1,RCIF
0005   2811           00041         GOTO EXIT_INTERRUPT
0006   0827           00042         MOVF UARTP,W
0007   0084           00043         MOVWF FSR
0008   081A           00044         MOVF RCREG,W
0009   0080           00045         MOVWF INDF
000A   0AA7           00046         INCF UARTP,F
000B   0827           00047         MOVF UARTP,W
000C   3C23           00048         SUBLW 0X23
000D   1D03           00049         BTFSS STATUS,Z
000E   2811           00050         GOTO EXIT_INTERRUPT
000F   3021           00051         MOVLW 0X21
0010   00A7           00052         MOVWF UARTP
0011                  00053 EXIT_INTERRUPT  
0011   0009           00054         RETFIE
                      00055 
0012                  00056 MAIN
0012   1683 1303      00057         BANKSEL TRISA
Message[302]: Register in operand not in bank 0.  Ensure that bank bits are correct.
0014   0185           00058         CLRF TRISA
Message[302]: Register in operand not in bank 0.  Ensure that bank bits are correct.
0015   0186           00059         CLRF TRISB
0016   3080           00060         MOVLW 0X80 ;PIN RC7 IS INPUT FOR USART
Message[302]: Register in operand not in bank 0.  Ensure that bank bits are correct.
0017   0087           00061         MOVWF TRISC
Message[302]: Register in operand not in bank 0.  Ensure that bank bits are correct.
0018   0188           00062         CLRF TRISD
Message[302]: Register in operand not in bank 0.  Ensure that bank bits are correct.
0019   0189           00063         CLRF TRISE
001A   307D           00064         MOVLW .125 ;125 BAUD PER SECOND
Message[302]: Register in operand not in bank 0.  Ensure that bank bits are correct.
001B   0099           00065         MOVWF SPBRG
                      00066         ;MOVLW 0X20
                      00067         ;MOVWF TXSTA
Message[302]: Register in operand not in bank 0.  Ensure that bank bits are correct.
001C   168C           00068         BSF PIE1,RCIE ;ENABLE UART INTERRUPT
                      00069 
001D   1283 1303      00070         BANKSEL PORTC
001F   300F           00071         MOVLW 0X0F
0020   0087           00072         MOVWF PORTC
0021   3090           00073         MOVLW 0X90
0022   0098           00074         MOVWF RCSTA
0023   01A1           00075         CLRF FLOORG
0024   01A2           00076         CLRF FLOORB
0025   01A3           00077         CLRF DIG1
0026   01A4           00078         CLRF DIG2
0027   01A5           00079         CLRF DIG3
0028   01A6           00080         CLRF DIG4
0029   01C0           00081         CLRF BLINKG
002A   01C1           00082         CLRF BLINKB
002B   01C2           00083         CLRF BLINKV
002C   01C3           00084         CLRF BCOUNT
002D   3021           00085         MOVLW 0X21
MPASM  5.41                           MC2.ASM   5-27-2022  17:19:45         PAGE  3


LOC  OBJECT CODE     LINE SOURCE TEXT
  VALUE

002E   00A7           00086         MOVWF UARTP
                      00087         
002F   170B           00088         BSF INTCON,PEIE ;ENABLE PEREPHIRALS INTERRUPTS
0030   178B           00089         BSF INTCON,GIE ;ENABLE INTERRUPT GLOBALLY
                      00090 
0031                  00091 LOOP
Message[305]: Using default destination of 1 (file).
0031   0AC3           00092         INCF BCOUNT
0032   3023           00093         MOVLW .35 ;BLINK DURATION
0033   0243           00094         SUBWF BCOUNT,W
0034   1D03           00095         BTFSS STATUS,Z
0035   2839           00096         GOTO ANALYZEG
0036   01C3           00097         CLRF BCOUNT
0037   3001           00098         MOVLW 1
Message[305]: Using default destination of 1 (file).
0038   06C2           00099         XORWF BLINKV ;CHANGE BLINK VALUE (0,1)
0039                  00100 ANALYZEG
                      00101         ;ANALYZE FLOORG
0039   0821           00102         MOVF FLOORG,W
003A   390F           00103         ANDLW 0X0F  ;GET LS NIBBLE
003B   00B2           00104         MOVWF VAL
003C   3C0F           00105         SUBLW 0X0F ;IF W=15 THEN BLINK
003D   1903           00106         BTFSC STATUS,Z
003E   2841           00107         GOTO SETBLINKG
003F   01C0           00108         CLRF BLINKG
0040   2843           00109         GOTO CALCG
0041                  00110 SETBLINKG
0041   3001           00111         MOVLW 1
0042   00C0           00112         MOVWF BLINKG
0043                  00113 CALCG
0043   300A           00114         MOVLW 0X0A
0044   00B3           00115         MOVWF OPER
0045   2096           00116         CALL DIVIDE
0046   0830           00117         MOVF DIV,W
0047   00A3           00118         MOVWF DIG1
0048   0831           00119         MOVF MOD,W
0049   00A4           00120         MOVWF DIG2
004A   08C0           00121         MOVF BLINKG,F ;UPDATE STATUS REGISTER
004B   1903           00122         BTFSC STATUS,Z
004C   2853           00123         GOTO ANALYZEB
004D   08C2           00124         MOVF BLINKV,F ;UPDATE STATUS REGISTER
004E   1903           00125         BTFSC STATUS,Z
004F   2853           00126         GOTO ANALYZEB
0050   300A           00127         MOVLW .10
0051   00A3           00128         MOVWF DIG1
0052   00A4           00129         MOVWF DIG2
                      00130 
0053                  00131 ANALYZEB        
                      00132         ;ANALYZE FLOORB
0053   0822           00133         MOVF FLOORB,W
0054   390F           00134         ANDLW 0X0F  ;GET LS NIBBLE
0055   00B2           00135         MOVWF VAL
0056   3C0F           00136         SUBLW 0X0F ;IF W=15 THEN BLINK
MPASM  5.41                           MC2.ASM   5-27-2022  17:19:45         PAGE  4


LOC  OBJECT CODE     LINE SOURCE TEXT
  VALUE

0057   1903           00137         BTFSC STATUS,Z
0058   285B           00138         GOTO SETBLINKB
0059   01C1           00139         CLRF BLINKB
005A   285D           00140         GOTO CALCB
005B                  00141 SETBLINKB
005B   3001           00142         MOVLW 1
005C   00C1           00143         MOVWF BLINKB
005D                  00144 CALCB
005D   300A           00145         MOVLW 0X0A
005E   00B3           00146         MOVWF OPER
005F   2096           00147         CALL DIVIDE
0060   0830           00148         MOVF DIV,W
0061   00A5           00149         MOVWF DIG3
0062   0831           00150         MOVF MOD,W
0063   00A6           00151         MOVWF DIG4
0064   08C1           00152         MOVF BLINKB,F ;UPDATE STATUS REGISTER
0065   1903           00153         BTFSC STATUS,Z
0066   286D           00154         GOTO DISPALY
0067   08C2           00155         MOVF BLINKV,F ;UPDATE STATUS REGISTER
0068   1903           00156         BTFSC STATUS,Z
0069   286D           00157         GOTO DISPALY
006A   300A           00158         MOVLW .10
006B   00A5           00159         MOVWF DIG3
006C   00A6           00160         MOVWF DIG4
006D                  00161 DISPALY
                      00162         ;DISPLAY DIGITS
006D   1187           00163         BCF PORTC,3
006E   0823           00164         MOVF DIG1,W
006F   208A           00165         CALL GETDIGIT
0070   0086           00166         MOVWF PORTB
0071   1407           00167         BSF PORTC,0
0072   2086           00168         CALL DELAY
0073   1007           00169         BCF PORTC,0
0074   0824           00170         MOVF DIG2,W
0075   208A           00171         CALL GETDIGIT
0076   0086           00172         MOVWF PORTB
0077   1487           00173         BSF PORTC,1
0078   2086           00174         CALL DELAY
0079   1087           00175         BCF PORTC,1
007A   0825           00176         MOVF DIG3,W
007B   208A           00177         CALL GETDIGIT
007C   0086           00178         MOVWF PORTB
007D   1507           00179         BSF PORTC,2
007E   2086           00180         CALL DELAY
007F   1107           00181         BCF PORTC,2
0080   0826           00182         MOVF DIG4,W
0081   208A           00183         CALL GETDIGIT
0082   0086           00184         MOVWF PORTB
0083   1587           00185         BSF PORTC,3
0084   2086           00186         CALL DELAY
0085   2831           00187         GOTO LOOP
                      00188         
0086                  00189 DELAY
MPASM  5.41                           MC2.ASM   5-27-2022  17:19:45         PAGE  5


LOC  OBJECT CODE     LINE SOURCE TEXT
  VALUE

0086   01A0           00190         CLRF COUNTER
0087                  00191 DELAY_LOOP
Message[305]: Using default destination of 1 (file).
0087   0BA0           00192         DECFSZ COUNTER
0088   2887           00193         GOTO DELAY_LOOP
0089   0008           00194         RETURN
                      00195 
008A                  00196 GETDIGIT
Message[305]: Using default destination of 1 (file).
008A   0782           00197         ADDWF PCL
008B   34C0           00198         RETLW 0XC0
008C   34F9           00199         RETLW 0XF9
008D   34A4           00200         RETLW 0XA4
008E   34B0           00201         RETLW 0XB0
008F   3499           00202         RETLW 0X99
0090   3492           00203         RETLW 0X92
0091   3482           00204         RETLW 0X82
0092   34F8           00205         RETLW 0XF8
0093   3480           00206         RETLW 0X80
0094   3490           00207         RETLW 0X90
0095   34FF           00208         RETLW 0XFF
                      00209 
0096                  00210 DIVIDE
0096   01B0           00211         CLRF DIV
0097   01B1           00212         CLRF MOD
0098                  00213 CHECK_AGAIN
0098   0832           00214         MOVF VAL,W
0099   00B4           00215         MOVWF VAL1
009A   0833           00216         MOVF OPER,W
009B   02B4           00217         SUBWF VAL1,F
009C   1C03           00218         BTFSS STATUS,C          ;IT'S BORROW (INVERSED)
009D   28A2           00219         GOTO SET_VALUES
009E   0833           00220         MOVF OPER,W
009F   02B2           00221         SUBWF VAL,F
00A0   0AB0           00222         INCF DIV,F
00A1   2898           00223         GOTO CHECK_AGAIN
00A2                  00224 SET_VALUES
00A2   0832           00225         MOVF VAL,W
00A3   00B1           00226         MOVWF MOD
00A4   0008           00227         RETURN
                      00228 
                      00229 
Warning[205]: Found directive in column 1. (END)
                      00230 END
MPASM  5.41                           MC2.ASM   5-27-2022  17:19:45         PAGE  6


SYMBOL TABLE
  LABEL                             VALUE 

ACKDT                             00000005
ACKEN                             00000004
ACKSTAT                           00000006
ADCON0                            0000001F
ADCON1                            0000009F
ADCS0                             00000006
ADCS1                             00000007
ADCS2                             00000006
ADDEN                             00000003
ADFM                              00000007
ADIE                              00000006
ADIF                              00000006
ADON                              00000000
ADRESH                            0000001E
ADRESL                            0000009E
ANALYZEB                          00000053
ANALYZEG                          00000039
BCLIE                             00000003
BCLIF                             00000003
BCOUNT                            00000043
BF                                00000000
BLINKB                            00000041
BLINKG                            00000040
BLINKV                            00000042
BRGH                              00000002
C                                 00000000
C1INV                             00000004
C1OUT                             00000006
C2INV                             00000005
C2OUT                             00000007
CALCB                             0000005D
CALCG                             00000043
CCP1CON                           00000017
CCP1IE                            00000002
CCP1IF                            00000002
CCP1M0                            00000000
CCP1M1                            00000001
CCP1M2                            00000002
CCP1M3                            00000003
CCP1X                             00000005
CCP1Y                             00000004
CCP2CON                           0000001D
CCP2IE                            00000000
CCP2IF                            00000000
CCP2M0                            00000000
CCP2M1                            00000001
CCP2M2                            00000002
CCP2M3                            00000003
CCP2X                             00000005
CCP2Y                             00000004
CCPR1                             00000015
CCPR1H                            00000016
CCPR1L                            00000015
MPASM  5.41                           MC2.ASM   5-27-2022  17:19:45         PAGE  7


SYMBOL TABLE
  LABEL                             VALUE 

CCPR2                             0000001B
CCPR2H                            0000001C
CCPR2L                            0000001B
CHECK_AGAIN                       00000098
CHS0                              00000003
CHS1                              00000004
CHS2                              00000005
CIS                               00000003
CKE                               00000006
CKP                               00000004
CM0                               00000000
CM1                               00000001
CM2                               00000002
CMCON                             0000009C
CMIE                              00000006
CMIF                              00000006
COUNTER                           00000020
CREN                              00000004
CSRC                              00000007
CVR0                              00000000
CVR1                              00000001
CVR2                              00000002
CVR3                              00000003
CVRCON                            0000009D
CVREN                             00000007
CVROE                             00000006
CVRR                              00000005
D                                 00000005
DATA_ADDRESS                      00000005
DC                                00000001
DELAY                             00000086
DELAY_LOOP                        00000087
DIG1                              00000023
DIG2                              00000024
DIG3                              00000025
DIG4                              00000026
DISPALY                           0000006D
DIV                               00000030
DIVIDE                            00000096
D_A                               00000005
D_NOT_A                           00000005
EEADR                             0000010D
EEADRH                            0000010F
EECON1                            0000018C
EECON2                            0000018D
EEDATA                            0000010C
EEDATH                            0000010E
EEIE                              00000004
EEIF                              00000004
EEPGD                             00000007
EXIT_INTERRUPT                    00000011
F                                 00000001
FERR                              00000002
MPASM  5.41                           MC2.ASM   5-27-2022  17:19:45         PAGE  8


SYMBOL TABLE
  LABEL                             VALUE 

FLOORB                            00000022
FLOORG                            00000021
FSR                               00000004
GCEN                              00000007
GETDIGIT                          0000008A
GIE                               00000007
GO                                00000002
GO_DONE                           00000002
GO_NOT_DONE                       00000002
I2C_DATA                          00000005
I2C_READ                          00000002
I2C_START                         00000003
I2C_STOP                          00000004
IBF                               00000007
IBOV                              00000005
INDF                              00000000
INTCON                            0000000B
INTE                              00000004
INTEDG                            00000006
INTF                              00000001
IRP                               00000007
LOOP                              00000031
MAIN                              00000012
MOD                               00000031
NOT_A                             00000005
NOT_ADDRESS                       00000005
NOT_BO                            00000000
NOT_BOR                           00000000
NOT_DONE                          00000002
NOT_PD                            00000003
NOT_POR                           00000001
NOT_RBPU                          00000007
NOT_RC8                           00000006
NOT_T1SYNC                        00000002
NOT_TO                            00000004
NOT_TX8                           00000006
NOT_W                             00000002
NOT_WRITE                         00000002
OBF                               00000006
OERR                              00000001
OPER                              00000033
OPTION_REG                        00000081
P                                 00000004
PCFG0                             00000000
PCFG1                             00000001
PCFG2                             00000002
PCFG3                             00000003
PCL                               00000002
PCLATH                            0000000A
PCON                              0000008E
PEIE                              00000006
PEN                               00000002
PIE1                              0000008C
MPASM  5.41                           MC2.ASM   5-27-2022  17:19:45         PAGE  9


SYMBOL TABLE
  LABEL                             VALUE 

PIE2                              0000008D
PIR1                              0000000C
PIR2                              0000000D
PORTA                             00000005
PORTB                             00000006
PORTC                             00000007
PORTD                             00000008
PORTE                             00000009
PR2                               00000092
PS0                               00000000
PS1                               00000001
PS2                               00000002
PSA                               00000003
PSPIE                             00000007
PSPIF                             00000007
PSPMODE                           00000004
R                                 00000002
RA0                               00000000
RA1                               00000001
RA2                               00000002
RA3                               00000003
RA4                               00000004
RA5                               00000005
RB0                               00000000
RB1                               00000001
RB2                               00000002
RB3                               00000003
RB4                               00000004
RB5                               00000005
RB6                               00000006
RB7                               00000007
RBIE                              00000003
RBIF                              00000000
RC0                               00000000
RC1                               00000001
RC2                               00000002
RC3                               00000003
RC4                               00000004
RC5                               00000005
RC6                               00000006
RC7                               00000007
RC8_9                             00000006
RC9                               00000006
RCD8                              00000000
RCEN                              00000003
RCIE                              00000005
RCIF                              00000005
RCREG                             0000001A
RCSTA                             00000018
RD                                00000000
RD0                               00000000
RD1                               00000001
RD2                               00000002
MPASM  5.41                           MC2.ASM   5-27-2022  17:19:45         PAGE 10


SYMBOL TABLE
  LABEL                             VALUE 

RD3                               00000003
RD4                               00000004
RD5                               00000005
RD6                               00000006
RD7                               00000007
RE0                               00000000
RE1                               00000001
RE2                               00000002
READ_WRITE                        00000002
RP0                               00000005
RP1                               00000006
RSEN                              00000001
RX9                               00000006
RX9D                              00000000
R_NOT_W                           00000002
R_W                               00000002
S                                 00000003
SEN                               00000000
SETBLINKB                         0000005B
SETBLINKG                         00000041
SET_VALUES                        000000A2
SMP                               00000007
SPBRG                             00000099
SPEN                              00000007
SREN                              00000005
SSPADD                            00000093
SSPBUF                            00000013
SSPCON                            00000014
SSPCON2                           00000091
SSPEN                             00000005
SSPIE                             00000003
SSPIF                             00000003
SSPM0                             00000000
SSPM1                             00000001
SSPM2                             00000002
SSPM3                             00000003
SSPOV                             00000006
SSPSTAT                           00000094
STATUS                            00000003
SYNC                              00000004
T0CS                              00000005
T0IE                              00000005
T0IF                              00000002
T0SE                              00000004
T1CKPS0                           00000004
T1CKPS1                           00000005
T1CON                             00000010
T1INSYNC                          00000002
T1OSCEN                           00000003
T1SYNC                            00000002
T2CKPS0                           00000000
T2CKPS1                           00000001
T2CON                             00000012
MPASM  5.41                           MC2.ASM   5-27-2022  17:19:45         PAGE 11


SYMBOL TABLE
  LABEL                             VALUE 

TMR0                              00000001
TMR0IE                            00000005
TMR0IF                            00000002
TMR1CS                            00000001
TMR1H                             0000000F
TMR1IE                            00000000
TMR1IF                            00000000
TMR1L                             0000000E
TMR1ON                            00000000
TMR2                              00000011
TMR2IE                            00000001
TMR2IF                            00000001
TMR2ON                            00000002
TOUTPS0                           00000003
TOUTPS1                           00000004
TOUTPS2                           00000005
TOUTPS3                           00000006
TRISA                             00000085
TRISA0                            00000000
TRISA1                            00000001
TRISA2                            00000002
TRISA3                            00000003
TRISA4                            00000004
TRISA5                            00000005
TRISB                             00000086
TRISB0                            00000000
TRISB1                            00000001
TRISB2                            00000002
TRISB3                            00000003
TRISB4                            00000004
TRISB5                            00000005
TRISB6                            00000006
TRISB7                            00000007
TRISC                             00000087
TRISC0                            00000000
TRISC1                            00000001
TRISC2                            00000002
TRISC3                            00000003
TRISC4                            00000004
TRISC5                            00000005
TRISC6                            00000006
TRISC7                            00000007
TRISD                             00000088
TRISD0                            00000000
TRISD1                            00000001
TRISD2                            00000002
TRISD3                            00000003
TRISD4                            00000004
TRISD5                            00000005
TRISD6                            00000006
TRISD7                            00000007
TRISE                             00000089
TRISE0                            00000000
MPASM  5.41                           MC2.ASM   5-27-2022  17:19:45         PAGE 12


SYMBOL TABLE
  LABEL                             VALUE 

TRISE1                            00000001
TRISE2                            00000002
TRMT                              00000001
TX8_9                             00000006
TX9                               00000006
TX9D                              00000000
TXD8                              00000000
TXEN                              00000005
TXIE                              00000004
TXIF                              00000004
TXREG                             00000019
TXSTA                             00000098
UA                                00000001
UARTP                             00000027
VAL                               00000032
VAL1                              00000034
W                                 00000000
WCOL                              00000007
WR                                00000001
WREN                              00000002
WRERR                             00000003
Z                                 00000002
_BODEN_OFF                        00003FBF
_BODEN_ON                         00003FFF
_CONFIG                           00002007
_CPD_OFF                          00003FFF
_CPD_ON                           00003EFF
_CP_ALL                           00001FFF
_CP_OFF                           00003FFF
_DEBUG_OFF                        00003FFF
_DEBUG_ON                         000037FF
_DEVID1                           00002006
_HS_OSC                           00003FFE
_IDLOC0                           00002000
_IDLOC1                           00002001
_IDLOC2                           00002002
_IDLOC3                           00002003
_LP_OSC                           00003FFC
_LVP_OFF                          00003F7F
_LVP_ON                           00003FFF
_PWRTE_OFF                        00003FFF
_PWRTE_ON                         00003FF7
_RC_OSC                           00003FFF
_WDT_OFF                          00003FFB
_WDT_ON                           00003FFF
_WRT_1FOURTH                      00003BFF
_WRT_256                          00003DFF
_WRT_HALF                         000039FF
_WRT_OFF                          00003FFF
_XT_OSC                           00003FFD
__16F877A                         00000001
MPASM  5.41                           MC2.ASM   5-27-2022  17:19:45         PAGE 13


MEMORY USAGE MAP ('X' = Used,  '-' = Unused)


0000 : X---XXXXXXXXXXXX XXXXXXXXXXXXXXXX XXXXXXXXXXXXXXXX XXXXXXXXXXXXXXXX
0040 : XXXXXXXXXXXXXXXX XXXXXXXXXXXXXXXX XXXXXXXXXXXXXXXX XXXXXXXXXXXXXXXX
0080 : XXXXXXXXXXXXXXXX XXXXXXXXXXXXXXXX XXXXX----------- ----------------
2000 : -------X-------- ---------------- ---------------- ----------------

All other memory blocks unused.

Program Memory Words Used:   162
Program Memory Words Free:  8030


Errors   :     0
Warnings :     6 reported,     0 suppressed
Messages :    11 reported,     0 suppressed

